18-12-2022 23:56:22.350 [main] INFO  com.example.ELK.ElkApplication.logStarting - Starting ElkApplication using Java 17.0.2 with PID 5908 (G:\Master studije\Zimski semestar\Upravljanje digitalnim dokumentima\ELK\target\classes started by Anica in G:\Master studije\Zimski semestar\Upravljanje digitalnim dokumentima\ELK)
18-12-2022 23:56:22.355 [main] INFO  com.example.ELK.ElkApplication.logStartupProfileInfo - No active profile set, falling back to 1 default profile: "default"
18-12-2022 23:56:23.764 [main] INFO  com.example.ELK.ElkApplication.logStarted - Started ElkApplication in 1.952 seconds (process running for 2.294)
18-12-2022 23:56:45.364 [http-nio-8080-exec-1] INFO  c.e.ELK.controller.ELKController.foodDetails - Inside Food Detail Function
18-12-2022 23:56:45.365 [http-nio-8080-exec-1] INFO  com.example.ELK.service.ELKService.getAllFoodDetails - Fetching ALL food details...
18-12-2022 23:57:34.938 [http-nio-8080-exec-2] INFO  c.e.ELK.controller.ELKController.foodDetails - Inside Food Detail Function
18-12-2022 23:57:34.939 [http-nio-8080-exec-2] INFO  com.example.ELK.service.ELKService.getAllFoodDetails - Fetching ALL food details...
19-12-2022 00:02:56.975 [http-nio-8080-exec-5] INFO  c.e.ELK.controller.ELKController.foodDetails - Inside Food Detail Function
19-12-2022 00:02:56.976 [http-nio-8080-exec-5] INFO  com.example.ELK.service.ELKService.getAllFoodDetails - Fetching ALL food details...
19-12-2022 00:09:02.511 [http-nio-8080-exec-6] INFO  c.e.ELK.controller.ELKController.foodDetails - Inside Food Detail Function
19-12-2022 00:09:02.511 [http-nio-8080-exec-6] INFO  com.example.ELK.service.ELKService.getAllFoodDetails - Fetching ALL food details...
19-12-2022 00:10:21.931 [http-nio-8080-exec-8] INFO  c.e.ELK.controller.ELKController.foodDetails - Inside Food Detail Function
19-12-2022 00:10:21.931 [http-nio-8080-exec-8] INFO  com.example.ELK.service.ELKService.getAllFoodDetails - Fetching ALL food details...
15-02-2023 18:42:42.246 [main] INFO  com.example.ELK.ElkApplication.logStarting - Starting ElkApplication using Java 17.0.2 with PID 15560 (G:\Master studije\Zimski semestar\Upravljanje digitalnim dokumentima\ELK\target\classes started by Anica in G:\Master studije\Zimski semestar\Upravljanje digitalnim dokumentima\ELK)
15-02-2023 18:42:42.257 [main] INFO  com.example.ELK.ElkApplication.logStartupProfileInfo - No active profile set, falling back to 1 default profile: "default"
15-02-2023 18:42:43.695 [main] INFO  com.example.ELK.ElkApplication.logStarted - Started ElkApplication in 1.985 seconds (process running for 2.356)
15-02-2023 18:44:11.182 [http-nio-8080-exec-3] INFO  c.e.ELK.controller.ELKController.helloWorld - Inside Hello World Function
15-02-2023 18:44:11.182 [http-nio-8080-exec-3] INFO  c.e.ELK.controller.ELKController.helloWorld - Response => Hello World! Wed Feb 15 18:44:11 CET 2023
15-02-2023 18:45:25.170 [http-nio-8080-exec-5] INFO  c.e.ELK.controller.ELKController.helloWorld - Inside Hello World Function
15-02-2023 18:45:25.170 [http-nio-8080-exec-5] INFO  c.e.ELK.controller.ELKController.helloWorld - Response => Hello World! Wed Feb 15 18:45:25 CET 2023
15-02-2023 18:49:19.636 [http-nio-8080-exec-9] INFO  c.e.ELK.controller.ELKController.helloWorld - Inside Hello World Function
15-02-2023 18:49:19.637 [http-nio-8080-exec-9] INFO  c.e.ELK.controller.ELKController.helloWorld - Response => Hello World! Wed Feb 15 18:49:19 CET 2023
15-02-2023 23:12:05.382 [main] INFO  com.example.ELK.ElkApplication.logStarting - Starting ElkApplication using Java 17.0.2 with PID 4016 (G:\Master studije\Zimski semestar\Upravljanje digitalnim dokumentima\ELK\target\classes started by Anica in G:\Master studije\Zimski semestar\Upravljanje digitalnim dokumentima\ELK)
15-02-2023 23:12:05.406 [main] INFO  com.example.ELK.ElkApplication.logStartupProfileInfo - No active profile set, falling back to 1 default profile: "default"
15-02-2023 23:12:49.494 [main] INFO  com.example.ELK.ElkApplication.logStarting - Starting ElkApplication using Java 17.0.2 with PID 4408 (G:\Master studije\Zimski semestar\Upravljanje digitalnim dokumentima\ELK\target\classes started by Anica in G:\Master studije\Zimski semestar\Upravljanje digitalnim dokumentima\ELK)
15-02-2023 23:12:49.499 [main] INFO  com.example.ELK.ElkApplication.logStartupProfileInfo - No active profile set, falling back to 1 default profile: "default"
15-02-2023 23:14:04.020 [main] INFO  com.example.ELK.ElkApplication.logStarting - Starting ElkApplication using Java 17.0.2 with PID 3508 (G:\Master studije\Zimski semestar\Upravljanje digitalnim dokumentima\ELK\target\classes started by Anica in G:\Master studije\Zimski semestar\Upravljanje digitalnim dokumentima\ELK)
15-02-2023 23:14:04.026 [main] INFO  com.example.ELK.ElkApplication.logStartupProfileInfo - No active profile set, falling back to 1 default profile: "default"
15-02-2023 23:17:20.884 [main] INFO  com.example.ELK.ElkApplication.logStarting - Starting ElkApplication using Java 17.0.2 with PID 10576 (G:\Master studije\Zimski semestar\Upravljanje digitalnim dokumentima\ELK\target\classes started by Anica in G:\Master studije\Zimski semestar\Upravljanje digitalnim dokumentima\ELK)
15-02-2023 23:17:20.894 [main] INFO  com.example.ELK.ElkApplication.logStartupProfileInfo - No active profile set, falling back to 1 default profile: "default"
15-02-2023 23:19:07.658 [main] INFO  com.example.ELK.ElkApplication.logStarting - Starting ElkApplication using Java 17.0.2 with PID 17120 (G:\Master studije\Zimski semestar\Upravljanje digitalnim dokumentima\ELK\target\classes started by Anica in G:\Master studije\Zimski semestar\Upravljanje digitalnim dokumentima\ELK)
15-02-2023 23:19:07.664 [main] INFO  com.example.ELK.ElkApplication.logStartupProfileInfo - No active profile set, falling back to 1 default profile: "default"
15-02-2023 23:39:12.394 [main] INFO  com.example.ELK.ElkApplication.logStarting - Starting ElkApplication using Java 17.0.2 with PID 17864 (G:\Master studije\Zimski semestar\Upravljanje digitalnim dokumentima\ELK\target\classes started by Anica in G:\Master studije\Zimski semestar\Upravljanje digitalnim dokumentima\ELK)
15-02-2023 23:39:12.485 [main] INFO  com.example.ELK.ElkApplication.logStartupProfileInfo - No active profile set, falling back to 1 default profile: "default"
15-02-2023 23:40:29.881 [main] INFO  com.example.ELK.ElkApplication.logStarting - Starting ElkApplication using Java 17.0.2 with PID 9980 (G:\Master studije\Zimski semestar\Upravljanje digitalnim dokumentima\ELK\target\classes started by Anica in G:\Master studije\Zimski semestar\Upravljanje digitalnim dokumentima\ELK)
15-02-2023 23:40:29.887 [main] INFO  com.example.ELK.ElkApplication.logStartupProfileInfo - No active profile set, falling back to 1 default profile: "default"
15-02-2023 23:41:50.088 [main] INFO  com.example.ELK.ElkApplication.logStarting - Starting ElkApplication using Java 17.0.2 with PID 13004 (G:\Master studije\Zimski semestar\Upravljanje digitalnim dokumentima\ELK\target\classes started by Anica in G:\Master studije\Zimski semestar\Upravljanje digitalnim dokumentima\ELK)
15-02-2023 23:41:50.093 [main] INFO  com.example.ELK.ElkApplication.logStartupProfileInfo - No active profile set, falling back to 1 default profile: "default"
15-02-2023 23:45:20.152 [main] INFO  com.example.ELK.ElkApplication.logStarting - Starting ElkApplication using Java 17.0.2 with PID 17200 (G:\Master studije\Zimski semestar\Upravljanje digitalnim dokumentima\ELK\target\classes started by Anica in G:\Master studije\Zimski semestar\Upravljanje digitalnim dokumentima\ELK)
15-02-2023 23:45:20.157 [main] INFO  com.example.ELK.ElkApplication.logStartupProfileInfo - No active profile set, falling back to 1 default profile: "default"
15-02-2023 23:46:07.679 [main] INFO  com.example.ELK.ElkApplication.logStarting - Starting ElkApplication using Java 17.0.2 with PID 18268 (G:\Master studije\Zimski semestar\Upravljanje digitalnim dokumentima\ELK\target\classes started by Anica in G:\Master studije\Zimski semestar\Upravljanje digitalnim dokumentima\ELK)
15-02-2023 23:46:07.683 [main] INFO  com.example.ELK.ElkApplication.logStartupProfileInfo - No active profile set, falling back to 1 default profile: "default"
15-02-2023 23:50:45.072 [main] INFO  com.example.ELK.ElkApplication.logStarting - Starting ElkApplication using Java 17.0.2 with PID 17872 (G:\Master studije\Zimski semestar\Upravljanje digitalnim dokumentima\ELK\target\classes started by Anica in G:\Master studije\Zimski semestar\Upravljanje digitalnim dokumentima\ELK)
15-02-2023 23:50:45.078 [main] INFO  com.example.ELK.ElkApplication.logStartupProfileInfo - No active profile set, falling back to 1 default profile: "default"
15-02-2023 23:51:50.049 [main] INFO  com.example.ELK.ElkApplication.logStarting - Starting ElkApplication using Java 17.0.2 with PID 15788 (G:\Master studije\Zimski semestar\Upravljanje digitalnim dokumentima\ELK\target\classes started by Anica in G:\Master studije\Zimski semestar\Upravljanje digitalnim dokumentima\ELK)
15-02-2023 23:51:50.054 [main] INFO  com.example.ELK.ElkApplication.logStartupProfileInfo - No active profile set, falling back to 1 default profile: "default"
15-02-2023 23:53:58.588 [main] INFO  com.example.ELK.ElkApplication.logStarting - Starting ElkApplication using Java 17.0.2 with PID 16108 (G:\Master studije\Zimski semestar\Upravljanje digitalnim dokumentima\ELK\target\classes started by Anica in G:\Master studije\Zimski semestar\Upravljanje digitalnim dokumentima\ELK)
15-02-2023 23:53:58.593 [main] INFO  com.example.ELK.ElkApplication.logStartupProfileInfo - No active profile set, falling back to 1 default profile: "default"
15-02-2023 23:56:19.057 [main] INFO  com.example.ELK.ElkApplication.logStarting - Starting ElkApplication using Java 17.0.2 with PID 9560 (G:\Master studije\Zimski semestar\Upravljanje digitalnim dokumentima\ELK\target\classes started by Anica in G:\Master studije\Zimski semestar\Upravljanje digitalnim dokumentima\ELK)
15-02-2023 23:56:19.062 [main] INFO  com.example.ELK.ElkApplication.logStartupProfileInfo - No active profile set, falling back to 1 default profile: "default"
15-02-2023 23:56:21.749 [main] INFO  com.example.ELK.ElkApplication.logStarted - Started ElkApplication in 3.217 seconds (process running for 3.655)
16-02-2023 00:07:03.822 [main] INFO  com.example.ELK.ElkApplication.logStarting - Starting ElkApplication using Java 17.0.2 with PID 18236 (G:\Master studije\Zimski semestar\Upravljanje digitalnim dokumentima\ELK\target\classes started by Anica in G:\Master studije\Zimski semestar\Upravljanje digitalnim dokumentima\ELK)
16-02-2023 00:07:03.830 [main] INFO  com.example.ELK.ElkApplication.logStartupProfileInfo - No active profile set, falling back to 1 default profile: "default"
16-02-2023 00:07:05.983 [main] INFO  com.example.ELK.ElkApplication.logStarted - Started ElkApplication in 2.677 seconds (process running for 3.071)
16-02-2023 00:09:12.944 [main] INFO  com.example.ELK.ElkApplication.logStarting - Starting ElkApplication using Java 17.0.2 with PID 14196 (G:\Master studije\Zimski semestar\Upravljanje digitalnim dokumentima\ELK\target\classes started by Anica in G:\Master studije\Zimski semestar\Upravljanje digitalnim dokumentima\ELK)
16-02-2023 00:09:12.948 [main] INFO  com.example.ELK.ElkApplication.logStartupProfileInfo - No active profile set, falling back to 1 default profile: "default"
16-02-2023 00:09:14.845 [main] INFO  com.example.ELK.ElkApplication.logStarted - Started ElkApplication in 2.519 seconds (process running for 3.666)
16-02-2023 00:09:24.404 [main] INFO  com.example.ELK.ElkApplication.logStarting - Starting ElkApplication using Java 17.0.2 with PID 19424 (G:\Master studije\Zimski semestar\Upravljanje digitalnim dokumentima\ELK\target\classes started by Anica in G:\Master studije\Zimski semestar\Upravljanje digitalnim dokumentima\ELK)
16-02-2023 00:09:24.410 [main] INFO  com.example.ELK.ElkApplication.logStartupProfileInfo - No active profile set, falling back to 1 default profile: "default"
16-02-2023 00:09:26.625 [main] INFO  com.example.ELK.ElkApplication.logStarted - Started ElkApplication in 2.868 seconds (process running for 4.512)
16-02-2023 00:10:14.897 [main] INFO  com.example.ELK.ElkApplication.logStarting - Starting ElkApplication using Java 17.0.2 with PID 18664 (G:\Master studije\Zimski semestar\Upravljanje digitalnim dokumentima\ELK\target\classes started by Anica in G:\Master studije\Zimski semestar\Upravljanje digitalnim dokumentima\ELK)
16-02-2023 00:10:14.904 [main] INFO  com.example.ELK.ElkApplication.logStartupProfileInfo - No active profile set, falling back to 1 default profile: "default"
16-02-2023 00:10:17.021 [main] INFO  com.example.ELK.ElkApplication.logStarted - Started ElkApplication in 2.704 seconds (process running for 3.495)
16-02-2023 00:13:06.518 [main] INFO  com.example.ELK.ElkApplication.logStarting - Starting ElkApplication using Java 17.0.2 with PID 17296 (G:\Master studije\Zimski semestar\Upravljanje digitalnim dokumentima\ELK\target\classes started by Anica in G:\Master studije\Zimski semestar\Upravljanje digitalnim dokumentima\ELK)
16-02-2023 00:13:06.523 [main] INFO  com.example.ELK.ElkApplication.logStartupProfileInfo - No active profile set, falling back to 1 default profile: "default"
16-02-2023 00:13:08.698 [main] INFO  com.example.ELK.ElkApplication.logStarted - Started ElkApplication in 3.063 seconds (process running for 4.109)
16-02-2023 00:15:02.046 [main] INFO  com.example.ELK.ElkApplication.logStarting - Starting ElkApplication using Java 17.0.2 with PID 18608 (G:\Master studije\Zimski semestar\Upravljanje digitalnim dokumentima\ELK\target\classes started by Anica in G:\Master studije\Zimski semestar\Upravljanje digitalnim dokumentima\ELK)
16-02-2023 00:15:02.051 [main] INFO  com.example.ELK.ElkApplication.logStartupProfileInfo - No active profile set, falling back to 1 default profile: "default"
16-02-2023 00:15:03.868 [main] INFO  com.example.ELK.ElkApplication.logStarted - Started ElkApplication in 2.295 seconds (process running for 3.134)
16-02-2023 00:28:16.700 [main] INFO  com.example.ELK.ElkApplication.logStarting - Starting ElkApplication using Java 17.0.2 with PID 15460 (G:\Master studije\Zimski semestar\Upravljanje digitalnim dokumentima\ELK\target\classes started by Anica in G:\Master studije\Zimski semestar\Upravljanje digitalnim dokumentima\ELK)
16-02-2023 00:28:16.706 [main] INFO  com.example.ELK.ElkApplication.logStartupProfileInfo - No active profile set, falling back to 1 default profile: "default"
16-02-2023 00:28:18.803 [main] INFO  com.example.ELK.ElkApplication.logStarted - Started ElkApplication in 2.648 seconds (process running for 3.601)
16-02-2023 00:30:03.070 [main] INFO  com.example.ELK.ElkApplication.logStarting - Starting ElkApplication using Java 17.0.2 with PID 12172 (G:\Master studije\Zimski semestar\Upravljanje digitalnim dokumentima\ELK\target\classes started by Anica in G:\Master studije\Zimski semestar\Upravljanje digitalnim dokumentima\ELK)
16-02-2023 00:30:03.078 [main] INFO  com.example.ELK.ElkApplication.logStartupProfileInfo - No active profile set, falling back to 1 default profile: "default"
16-02-2023 00:30:05.234 [main] INFO  com.example.ELK.ElkApplication.logStarted - Started ElkApplication in 2.688 seconds (process running for 3.437)
16-02-2023 00:31:56.789 [main] INFO  com.example.ELK.ElkApplication.logStarting - Starting ElkApplication using Java 17.0.2 with PID 15724 (G:\Master studije\Zimski semestar\Upravljanje digitalnim dokumentima\ELK\target\classes started by Anica in G:\Master studije\Zimski semestar\Upravljanje digitalnim dokumentima\ELK)
16-02-2023 00:31:56.797 [main] INFO  com.example.ELK.ElkApplication.logStartupProfileInfo - No active profile set, falling back to 1 default profile: "default"
16-02-2023 00:31:59.391 [main] INFO  com.example.ELK.ElkApplication.logStarted - Started ElkApplication in 3.443 seconds (process running for 4.299)
16-02-2023 00:34:57.354 [main] INFO  com.example.ELK.ElkApplication.logStarting - Starting ElkApplication using Java 17.0.2 with PID 17436 (G:\Master studije\Zimski semestar\Upravljanje digitalnim dokumentima\ELK\target\classes started by Anica in G:\Master studije\Zimski semestar\Upravljanje digitalnim dokumentima\ELK)
16-02-2023 00:34:57.360 [main] INFO  com.example.ELK.ElkApplication.logStartupProfileInfo - No active profile set, falling back to 1 default profile: "default"
16-02-2023 00:34:59.263 [main] INFO  com.example.ELK.ElkApplication.logStarted - Started ElkApplication in 2.364 seconds (process running for 3.028)
16-02-2023 00:53:25.773 [main] INFO  com.example.ELK.ElkApplication.logStarting - Starting ElkApplication using Java 17.0.2 with PID 18732 (G:\Master studije\Zimski semestar\Upravljanje digitalnim dokumentima\ELK\target\classes started by Anica in G:\Master studije\Zimski semestar\Upravljanje digitalnim dokumentima\ELK)
16-02-2023 00:53:25.780 [main] INFO  com.example.ELK.ElkApplication.logStartupProfileInfo - No active profile set, falling back to 1 default profile: "default"
16-02-2023 00:53:27.733 [main] INFO  com.example.ELK.ElkApplication.logStarted - Started ElkApplication in 2.762 seconds (process running for 3.67)
16-02-2023 00:54:16.292 [main] INFO  com.example.ELK.ElkApplication.logStarting - Starting ElkApplication using Java 17.0.2 with PID 9096 (G:\Master studije\Zimski semestar\Upravljanje digitalnim dokumentima\ELK\target\classes started by Anica in G:\Master studije\Zimski semestar\Upravljanje digitalnim dokumentima\ELK)
16-02-2023 00:54:16.298 [main] INFO  com.example.ELK.ElkApplication.logStartupProfileInfo - No active profile set, falling back to 1 default profile: "default"
16-02-2023 00:54:18.176 [main] INFO  com.example.ELK.ElkApplication.logStarted - Started ElkApplication in 2.34 seconds (process running for 2.974)
16-02-2023 01:19:58.183 [main] INFO  com.example.ELK.ElkApplication.logStarting - Starting ElkApplication using Java 17.0.2 with PID 20388 (I:\UDD\ELK\target\classes started by Anica in I:\UDD\ELK)
16-02-2023 01:19:58.190 [main] INFO  com.example.ELK.ElkApplication.logStartupProfileInfo - No active profile set, falling back to 1 default profile: "default"
16-02-2023 01:20:00.556 [main] INFO  com.example.ELK.ElkApplication.logStarted - Started ElkApplication in 2.922 seconds (process running for 3.833)
16-02-2023 01:21:40.320 [main] INFO  com.example.ELK.ElkApplication.logStarting - Starting ElkApplication using Java 17.0.2 with PID 10324 (I:\UDD\ELK\target\classes started by Anica in I:\UDD\ELK)
16-02-2023 01:21:40.327 [main] INFO  com.example.ELK.ElkApplication.logStartupProfileInfo - No active profile set, falling back to 1 default profile: "default"
16-02-2023 01:21:42.956 [main] INFO  com.example.ELK.ElkApplication.logStarted - Started ElkApplication in 3.14 seconds (process running for 4.879)
16-02-2023 01:26:19.110 [main] INFO  com.example.ELK.ElkApplication.logStarting - Starting ElkApplication using Java 17.0.2 with PID 18016 (I:\UDD\ELK\target\classes started by Anica in I:\UDD\ELK)
16-02-2023 01:26:19.116 [main] INFO  com.example.ELK.ElkApplication.logStartupProfileInfo - No active profile set, falling back to 1 default profile: "default"
16-02-2023 01:27:04.188 [main] INFO  com.example.ELK.ElkApplication.logStarting - Starting ElkApplication using Java 17.0.2 with PID 18108 (I:\UDD\ELK\target\classes started by Anica in I:\UDD\ELK)
16-02-2023 01:27:04.195 [main] INFO  com.example.ELK.ElkApplication.logStartupProfileInfo - No active profile set, falling back to 1 default profile: "default"
16-02-2023 01:27:56.826 [main] INFO  com.example.ELK.ElkApplication.logStarting - Starting ElkApplication using Java 17.0.2 with PID 11688 (I:\UDD\ELK\target\classes started by Anica in I:\UDD\ELK)
16-02-2023 01:27:56.832 [main] INFO  com.example.ELK.ElkApplication.logStartupProfileInfo - No active profile set, falling back to 1 default profile: "default"
16-02-2023 01:27:58.636 [main] INFO  com.example.ELK.ElkApplication.logStarted - Started ElkApplication in 2.313 seconds (process running for 3.022)
16-02-2023 01:34:02.586 [main] INFO  com.example.ELK.ElkApplication.logStarting - Starting ElkApplication using Java 17.0.2 with PID 8636 (I:\UDD\ELK\target\classes started by Anica in I:\UDD\ELK)
16-02-2023 01:34:02.593 [main] INFO  com.example.ELK.ElkApplication.logStartupProfileInfo - No active profile set, falling back to 1 default profile: "default"
16-02-2023 01:34:04.639 [main] INFO  com.example.ELK.ElkApplication.logStarted - Started ElkApplication in 2.567 seconds (process running for 3.406)
16-02-2023 01:34:16.278 [main] INFO  com.example.ELK.ElkApplication.logStarting - Starting ElkApplication using Java 17.0.2 with PID 3184 (I:\UDD\ELK\target\classes started by Anica in I:\UDD\ELK)
16-02-2023 01:34:16.285 [main] INFO  com.example.ELK.ElkApplication.logStartupProfileInfo - No active profile set, falling back to 1 default profile: "default"
16-02-2023 01:34:18.224 [main] INFO  com.example.ELK.ElkApplication.logStarted - Started ElkApplication in 2.415 seconds (process running for 3.115)
16-02-2023 01:38:53.241 [main] INFO  com.example.ELK.ElkApplication.logStarting - Starting ElkApplication using Java 17.0.2 with PID 12792 (I:\UDD\ELK\target\classes started by Anica in I:\UDD\ELK)
16-02-2023 01:38:53.248 [main] INFO  com.example.ELK.ElkApplication.logStartupProfileInfo - No active profile set, falling back to 1 default profile: "default"
16-02-2023 01:38:55.289 [main] INFO  com.example.ELK.ElkApplication.logStarted - Started ElkApplication in 2.521 seconds (process running for 3.256)
